<?xml version="1.0" encoding="UTF-8"?>
<!-- Generated by org.testng.reporters.JUnitReportReporter -->
<testsuite hostname="LAPTOP-52DKV82O" failures="0" tests="4" name="qspider.testngdemo" time="0.006" errors="0" timestamp="2022-04-17T15:50:30 IST" skipped="0">
  <testcase classname="qspider.testngdemo" name="register" time="0.001"/>
  <system-out>
    <![CDATA[register]]>
  </system-out>
  <testcase classname="qspider.testngdemo" name="deleteuser" time="0.003"/>
  <system-out>
    <![CDATA[delete user]]>
  </system-out>
  <testcase classname="qspider.testngdemo" name="edituser" time="0.001"/>
  <system-out>
    <![CDATA[edit user]]>
  </system-out>
  <testcase classname="qspider.testngdemo" name="edituser" time="0.001"/>
  <system-out>
    <![CDATA[edit user]]>
  </system-out>
</testsuite> <!-- qspider.testngdemo -->
